Determining if the pthread_create exist failed with the following output:
Change Dir: /home/gtkansy/CLionProjects/SLAM/cmake-build-debug/CMakeFiles/CMakeTmp

Run Build Command:"/usr/bin/make" "cmTC_bfee8/fast"
/usr/bin/make -f CMakeFiles/cmTC_bfee8.dir/build.make CMakeFiles/cmTC_bfee8.dir/build
make[1]: Entering directory '/home/gtkansy/CLionProjects/SLAM/cmake-build-debug/CMakeFiles/CMakeTmp'
Building C object CMakeFiles/cmTC_bfee8.dir/CheckSymbolExists.c.o
/usr/bin/cc    -o CMakeFiles/cmTC_bfee8.dir/CheckSymbolExists.c.o   -c /home/gtkansy/CLionProjects/SLAM/cmake-build-debug/CMakeFiles/CMakeTmp/CheckSymbolExists.c
Linking C executable cmTC_bfee8
/home/gtkansy/clion-2017.3.3/bin/cmake/bin/cmake -E cmake_link_script CMakeFiles/cmTC_bfee8.dir/link.txt --verbose=1
/usr/bin/cc      CMakeFiles/cmTC_bfee8.dir/CheckSymbolExists.c.o  -o cmTC_bfee8 
CMakeFiles/cmTC_bfee8.dir/CheckSymbolExists.c.o：在函数‘main’中：
CheckSymbolExists.c:(.text+0x16)：对‘pthread_create’未定义的引用
collect2: error: ld returned 1 exit status
CMakeFiles/cmTC_bfee8.dir/build.make:97: recipe for target 'cmTC_bfee8' failed
make[1]: *** [cmTC_bfee8] Error 1
make[1]: Leaving directory '/home/gtkansy/CLionProjects/SLAM/cmake-build-debug/CMakeFiles/CMakeTmp'
Makefile:126: recipe for target 'cmTC_bfee8/fast' failed
make: *** [cmTC_bfee8/fast] Error 2

File /home/gtkansy/CLionProjects/SLAM/cmake-build-debug/CMakeFiles/CMakeTmp/CheckSymbolExists.c:
/* */
#include <pthread.h>

int main(int argc, char** argv)
{
  (void)argv;
#ifndef pthread_create
  return ((int*)(&pthread_create))[argc];
#else
  (void)argc;
  return 0;
#endif
}

Determining if the function pthread_create exists in the pthreads failed with the following output:
Change Dir: /home/gtkansy/CLionProjects/SLAM/cmake-build-debug/CMakeFiles/CMakeTmp

Run Build Command:"/usr/bin/make" "cmTC_e7ecb/fast"
/usr/bin/make -f CMakeFiles/cmTC_e7ecb.dir/build.make CMakeFiles/cmTC_e7ecb.dir/build
make[1]: Entering directory '/home/gtkansy/CLionProjects/SLAM/cmake-build-debug/CMakeFiles/CMakeTmp'
Building C object CMakeFiles/cmTC_e7ecb.dir/CheckFunctionExists.c.o
/usr/bin/cc   -DCHECK_FUNCTION_EXISTS=pthread_create   -o CMakeFiles/cmTC_e7ecb.dir/CheckFunctionExists.c.o   -c /home/gtkansy/clion-2017.3.3/bin/cmake/share/cmake-3.9/Modules/CheckFunctionExists.c
Linking C executable cmTC_e7ecb
/home/gtkansy/clion-2017.3.3/bin/cmake/bin/cmake -E cmake_link_script CMakeFiles/cmTC_e7ecb.dir/link.txt --verbose=1
/usr/bin/cc  -DCHECK_FUNCTION_EXISTS=pthread_create    CMakeFiles/cmTC_e7ecb.dir/CheckFunctionExists.c.o  -o cmTC_e7ecb -lpthreads 
/usr/bin/ld: 找不到 -lpthreads
collect2: error: ld returned 1 exit status
CMakeFiles/cmTC_e7ecb.dir/build.make:97: recipe for target 'cmTC_e7ecb' failed
make[1]: *** [cmTC_e7ecb] Error 1
make[1]: Leaving directory '/home/gtkansy/CLionProjects/SLAM/cmake-build-debug/CMakeFiles/CMakeTmp'
Makefile:126: recipe for target 'cmTC_e7ecb/fast' failed
make: *** [cmTC_e7ecb/fast] Error 2


